Determining if the pthread_create exist failed with the following output:
Change Dir: /home/thijs/Turbine-inspector/build/CMakeFiles/CMakeTmp

Run Build Command:"/usr/bin/make" "cmTC_6c62e/fast"
/usr/bin/make -f CMakeFiles/cmTC_6c62e.dir/build.make CMakeFiles/cmTC_6c62e.dir/build
make[1]: Entering directory '/home/thijs/Turbine-inspector/build/CMakeFiles/CMakeTmp'
Building C object CMakeFiles/cmTC_6c62e.dir/CheckSymbolExists.c.o
/usr/bin/cc     -o CMakeFiles/cmTC_6c62e.dir/CheckSymbolExists.c.o   -c /home/thijs/Turbine-inspector/build/CMakeFiles/CMakeTmp/CheckSymbolExists.c
Linking C executable cmTC_6c62e
/usr/bin/cmake -E cmake_link_script CMakeFiles/cmTC_6c62e.dir/link.txt --verbose=1
/usr/bin/cc       CMakeFiles/cmTC_6c62e.dir/CheckSymbolExists.c.o  -o cmTC_6c62e -rdynamic 
CMakeFiles/cmTC_6c62e.dir/CheckSymbolExists.c.o: In function `main':
CheckSymbolExists.c:(.text+0x16): undefined reference to `pthread_create'
collect2: error: ld returned 1 exit status
CMakeFiles/cmTC_6c62e.dir/build.make:97: recipe for target 'cmTC_6c62e' failed
make[1]: *** [cmTC_6c62e] Error 1
make[1]: Leaving directory '/home/thijs/Turbine-inspector/build/CMakeFiles/CMakeTmp'
Makefile:126: recipe for target 'cmTC_6c62e/fast' failed
make: *** [cmTC_6c62e/fast] Error 2

File /home/thijs/Turbine-inspector/build/CMakeFiles/CMakeTmp/CheckSymbolExists.c:
/* */
#include <pthread.h>

int main(int argc, char** argv)
{
  (void)argv;
#ifndef pthread_create
  return ((int*)(&pthread_create))[argc];
#else
  (void)argc;
  return 0;
#endif
}

Determining if the function pthread_create exists in the pthreads failed with the following output:
Change Dir: /home/thijs/Turbine-inspector/build/CMakeFiles/CMakeTmp

Run Build Command:"/usr/bin/make" "cmTC_44c79/fast"
/usr/bin/make -f CMakeFiles/cmTC_44c79.dir/build.make CMakeFiles/cmTC_44c79.dir/build
make[1]: Entering directory '/home/thijs/Turbine-inspector/build/CMakeFiles/CMakeTmp'
Building C object CMakeFiles/cmTC_44c79.dir/CheckFunctionExists.c.o
/usr/bin/cc    -DCHECK_FUNCTION_EXISTS=pthread_create   -o CMakeFiles/cmTC_44c79.dir/CheckFunctionExists.c.o   -c /usr/share/cmake-3.5/Modules/CheckFunctionExists.c
Linking C executable cmTC_44c79
/usr/bin/cmake -E cmake_link_script CMakeFiles/cmTC_44c79.dir/link.txt --verbose=1
/usr/bin/cc   -DCHECK_FUNCTION_EXISTS=pthread_create    CMakeFiles/cmTC_44c79.dir/CheckFunctionExists.c.o  -o cmTC_44c79 -rdynamic -lpthreads 
/usr/bin/ld: cannot find -lpthreads
collect2: error: ld returned 1 exit status
CMakeFiles/cmTC_44c79.dir/build.make:97: recipe for target 'cmTC_44c79' failed
make[1]: *** [cmTC_44c79] Error 1
make[1]: Leaving directory '/home/thijs/Turbine-inspector/build/CMakeFiles/CMakeTmp'
Makefile:126: recipe for target 'cmTC_44c79/fast' failed
make: *** [cmTC_44c79/fast] Error 2


